Analysis initiated from SIMULIA established products
Abaqus JOB XFEM_CRACK_COMPOSITE
Abaqus 2022.HF2
Abaqus License Manager checked out the following licenses:
Abaqus/Standard checked out 8 tokens from Flexnet server abaqus.software.vt.edu.
<248 out of 266 licenses remain available>.
Begin Analysis Input File Processor
9/29/2022 4:46:22 PM
Run pre.exe
9/29/2022 4:46:30 PM
End Analysis Input File Processor
Begin Abaqus/Standard Analysis
9/29/2022 4:46:30 PM
Run standard.exe
9/29/2022 4:46:53 PM
Abaqus Error: Abaqus/Standard Analysis exited with an error - Please see the 
message file for possible error messages if the file exists.
Begin SIM Wrap-up
9/29/2022 4:46:54 PM
Run SMASimUtility.exe
9/29/2022 4:46:54 PM
End SIM Wrap-up
Abaqus/Analysis exited with errors
